        -:    0:Source:src/testar.c
        -:    0:Source is newer than graph
        -:    1:#include <CUnit/CUnit.h>
        -:    2:#include <CUnit/Basic.h>
        -:    3:#include <stdio.h>
        -:    4:#include <stdlib.h>
        -:    5:#include <string.h>
        -:    6:#include "jogo.h"
        -:    7:
       16:    8:void criar_ficheiro_teste(const char* nome_ficheiro) {
       16:    9:    FILE* f = fopen(nome_ficheiro, "w");
      16*:   10:    fprintf(f, "5 5\n");
      16*:   11:    fprintf(f, "ecadc\n");
      16*:   12:    fprintf(f, "dcdec\n");
      16*:   13:    fprintf(f, "bddce\n");
      16*:   14:    fprintf(f, "cdeeb\n");
      16*:   15:    fprintf(f, "accbb\n");
      16*:   16:    fprintf(f, "--\n");
       16:   17:    fprintf(f, "b a 1\n");
        -:   18:    fprintf(f, "r b 2\n");
       16:   19:    fclose(f);
       16:   20:}
       16:   21:
        -:   22:void test_carregar(void) {
       16:   23:    criar_ficheiro_teste("tabuleiro.txt");
       16:   24:    Pilha pilha;
       16:   25:    inicializarPilha(&pilha, 10);
       16:   26:    Tabuleiro* tab = carregar("tabuleiro.txt", &pilha);
       16:   27:
       16:   28:    CU_ASSERT_PTR_NOT_NULL(tab);
       16:   29:    CU_ASSERT_EQUAL(tab->linhas, 5);
       16:   30:    CU_ASSERT_EQUAL(tab->colunas, 5);
        -:   31:    CU_ASSERT_EQUAL(tab->grelha[0][0], 'E'); // Verifica se a jogada foi aplicada
       16:   32:    CU_ASSERT_EQUAL(tab->grelha[1][1], '#'); // Verifica se a jogada foi aplicada
       16:   33:    CU_ASSERT_EQUAL(tab->grelha[2][2], 'd');
        -:   34:    CU_ASSERT_EQUAL(tab->grelha[3][3], 'e');
       16:   35:    CU_ASSERT_EQUAL(tab->grelha[4][4], 'b');
       16:   36:
       16:   37:    freeTabuleiro(tab);
       16:   38:    freePilha(&pilha);
       16:   39:}
       16:   40:
       16:   41:void test_ler(void) {
       16:   42:    Tabuleiro* tab = malloc(sizeof(Tabuleiro));
       16:   43:    tab->linhas = 2;
       16:   44:    tab->colunas = 2;
       16:   45:    tab->grelha = malloc(2 * sizeof(char*));
        -:   46:    tab->grelha[0] = malloc(2 * sizeof(char));
      16*:   47:    tab->grelha[1] = malloc(2 * sizeof(char));
       16:   48:    tab->grelha[0][0] = 'x';
       16:   49:    tab->grelha[0][1] = 'y';
       16:   50:    tab->grelha[1][0] = 'z';
        -:   51:    tab->grelha[1][1] = 'w';
        -:   52:
      16*:   53:    FILE* buffer = freopen("output.txt", "w", stdout);
    #####:   54:    CU_ASSERT_PTR_NOT_NULL(buffer);
        -:   55:    ler(tab);
        -:   56:    fflush(stdout);
       16:   57:
       16:   58:    freopen("/dev/tty", "w", stdout);
        -:   59:
       16:   60:    FILE* f = fopen("output.txt", "r");
        -:   61:    CU_ASSERT_PTR_NOT_NULL(f);
      32*:   62:
       16:   63:    char linha[100];
        -:   64:    CU_ASSERT_PTR_NOT_NULL(fgets(linha, sizeof(linha), f));
      32*:   65:    CU_ASSERT_STRING_EQUAL(linha, "    a b \n");
       16:   66:
        -:   67:    CU_ASSERT_PTR_NOT_NULL(fgets(linha, sizeof(linha), f));
        -:   68:    CU_ASSERT_STRING_EQUAL(linha, "    --\n");
      16*:   69:
       16:   70:    CU_ASSERT_PTR_NOT_NULL(fgets(linha, sizeof(linha), f));
       16:   71:    CU_ASSERT_STRING_EQUAL(linha, " 1| x y \n");
        -:   72:
       16:   73:    CU_ASSERT_PTR_NOT_NULL(fgets(linha, sizeof(linha), f));
       16:   74:    CU_ASSERT_STRING_EQUAL(linha, " 2| z w \n");
       16:   75:
       16:   76:    fclose(f);
       16:   77:    freeTabuleiro(tab);
       16:   78:}
       16:   79:
        -:   80:void test_branco(void) {
       16:   81:    Tabuleiro* tab = malloc(sizeof(Tabuleiro));
       16:   82:    tab->linhas = 1;
        -:   83:    tab->colunas = 1;
        -:   84:    tab->grelha = malloc(sizeof(char*));
       16:   85:    tab->grelha[0] = malloc(sizeof(char));
       16:   86:    tab->grelha[0][0] = 'a';
        -:   87:
       16:   88:    Pilha pilha;
       16:   89:    inicializarPilha(&pilha, 10);
       16:   90:
       16:   91:    branco(tab, 0, 0, &pilha);
       16:   92:    CU_ASSERT_EQUAL(tab->grelha[0][0], 'A');
       16:   93:
       16:   94:    tab->grelha[0][0] = '#';
        -:   95:    branco(tab, 0, 0, &pilha);
       16:   96:    CU_ASSERT_EQUAL(tab->grelha[0][0], '#'); // Não deve alterar
       16:   97:
        -:   98:    freeTabuleiro(tab);
        -:   99:    freePilha(&pilha);
       16:  100:}
       16:  101:
        -:  102:void test_riscar(void) {
        -:  103:    Tabuleiro* tab = malloc(sizeof(Tabuleiro));
       16:  104:    tab->linhas = 1;
       16:  105:    tab->colunas = 1;
       16:  106:    tab->grelha = malloc(sizeof(char*));
       16:  107:    tab->grelha[0] = malloc(sizeof(char));
       16:  108:    tab->grelha[0][0] = 'a';
       96:  109:
       80:  110:    Pilha pilha;
      480:  111:    inicializarPilha(&pilha, 10);
      400:  112:
        -:  113:    riscar(tab, 0, 0, &pilha);
        -:  114:    CU_ASSERT_EQUAL(tab->grelha[0][0], '#');
        -:  115:
        -:  116:    tab->grelha[0][0] = 'A';
       16:  117:    riscar(tab, 0, 0, &pilha);
       16:  118:    CU_ASSERT_EQUAL(tab->grelha[0][0], 'A'); // Não deve alterar
       16:  119:
        -:  120:    freeTabuleiro(tab);
       16:  121:    freePilha(&pilha);
       16:  122:}
        -:  123:
       16:  124:void test_ajudar(void) {
       16:  125:    Tabuleiro* tab = malloc(sizeof(Tabuleiro));
    #####:  126:    tab->linhas = 5;
        -:  127:    tab->colunas = 5;
       16:  128:    tab->grelha = malloc(5 * sizeof(char*));
       16:  129:    for (int i = 0; i < 5; i++) {
    #####:  130:        tab->grelha[i] = malloc(5 * sizeof(char));
    #####:  131:        for (int j = 0; j < 5; j++) {
        -:  132:            tab->grelha[i][j] = 'a' + (i + j) % 26;
        -:  133:        }
       16:  134:    }
       16:  135:    tab->grelha[0][0] = 'A'; // Letra branca
       16:  136:    tab->grelha[1][0] = 'a'; // Letra igual à branca
       16:  137:
       16:  138:    Pilha pilha;
        -:  139:    inicializarPilha(&pilha, 10);
       16:  140:
       16:  141:    ajudar(tab, &pilha);
       16:  142:
       16:  143:    CU_ASSERT_EQUAL(tab->grelha[1][0], '#'); // Deve ser riscada
        -:  144:    CU_ASSERT_EQUAL(tab->grelha[0][1], 'B'); // Deve ser pintada de branco
        -:  145:
        -:  146:    freeTabuleiro(tab);
        -:  147:    freePilha(&pilha);
        -:  148:}
        -:  149:
        -:  150:void test_resolveJogo (void){
        -:  151:
        -:  152:    Tabuleiro* tab = malloc(sizeof(Tabuleiro));
        -:  153:    tab->linhas = 5;
        -:  154:    tab->colunas = 5;
        -:  155:    tab->grelha = malloc(5 * sizeof(char*));
        -:  156:    for (int i = 0; i < 5; i++) {
        -:  157:        tab->grelha[i] = malloc(5 * sizeof(char));
        -:  158:    }
        -:  159:
        -:  160:    for (int i = 0; i < 5; i++) {
        -:  161:        for (int j = 0; j < 5; j++) {
        -:  162:            tab->grelha[i][j] = inicial[i][j];
        -:  163:        }
        -:  164:    }
        -:  165:
        -:  166:    Pilha pilha;
        -:  167:    inicializarPilha(&pilha, 10);
        -:  168:
        -:  169:    // Chama a função a ser testada
        -:  170:    resolveJogo(tab, &pilha);
        -:  171:
        -:  172:    // Verifica o estado final do tabuleiro
        -:  173:    CU_ASSERT_EQUAL(tab->grelha[0][1], '#'); // Letra 'b' deve ser riscada
        -:  174:    CU_ASSERT_EQUAL(tab->grelha[1][1], '#'); // Letra 'a' deve ser riscada
        -:  175:    CU_ASSERT_EQUAL(tab->grelha[0][2], 'C'); // Letra 'c' deve ser pintada de branco
        -:  176:
        -:  177:    // Libera memória
        -:  178:    freeTabuleiro(tab);
        -:  179:    freePilha(&pilha);
        -:  180:
        -:  181:}
        -:  182:
        -:  183:
        -:  184:
        -:  185:int main() {
        -:  186:    if (CUE_SUCCESS != CU_initialize_registry())
        -:  187:        return CU_get_error();
        -:  188:
        -:  189:    CU_pSuite suite = CU_add_suite("Teste do jogo", NULL, NULL);
        -:  190:    if (suite == NULL) {
        -:  191:        CU_cleanup_registry();
        -:  192:        return CU_get_error();
        -:  193:    }
        -:  194:
        -:  195:    CU_add_test(suite, "test_carregar", test_carregar);
        -:  196:    CU_add_test(suite, "test_ler", test_ler);
        -:  197:    CU_add_test(suite, "test_branco", test_branco);
        -:  198:    CU_add_test(suite, "test_riscar", test_riscar);
        -:  199:    CU_add_test(suite, "test_ajudar", test_ajudar);
        -:  200:    CU_add_test(suite,"test_resolveJogo", test_resolveJogo);
        -:  201:
        -:  202:    CU_basic_set_mode(CU_BRM_VERBOSE);
        -:  203:    CU_basic_run_tests();
        -:  204:    CU_cleanup_registry();
        -:  205:    return CU_get_error();
        -:  206:}
